#
# There is insufficient memory for the Java Runtime Environment to continue.
# Native memory allocation (malloc) failed to allocate 73232 bytes. Error detail: Chunk::new
# Possible reasons:
#   The system is out of physical RAM or swap space
#   This process is running with CompressedOops enabled, and the Java Heap may be blocking the growth of the native heap
# Possible solutions:
#   Reduce memory load on the system
#   Increase physical memory or swap space
#   Check if swap backing store is full
#   Decrease Java heap size (-Xmx/-Xms)
#   Decrease number of Java threads
#   Decrease Java thread stack sizes (-Xss)
#   Set larger code cache with -XX:ReservedCodeCacheSize=
#   JVM is running with Unscaled Compressed Oops mode in which the Java heap is
#     placed in the first 4GB address space. The Java Heap base address is the
#     maximum limit for the native heap growth. Please use -XX:HeapBaseMinAddress
#     to set the Java Heap base and to place the Java Heap above 4GB virtual address.
# This output file may be truncated or incomplete.
#
#  Out of Memory Error (arena.cpp:191), pid=528200, tid=533204
#
# JRE version: OpenJDK Runtime Environment OpenLogic-OpenJDK (17.0.12+7) (build 17.0.12+7-adhoc..jdk17u)
# Java VM: OpenJDK 64-Bit Server VM OpenLogic-OpenJDK (17.0.12+7-adhoc..jdk17u, mixed mode, tiered, compressed oops, compressed class ptrs, g1 gc, windows-amd64)
# No core dump will be written. Minidumps are not enabled by default on client versions of Windows
#

---------------  S U M M A R Y ------------

Command Line: -Xmx64m -Xms64m -Dorg.gradle.appname=gradlew org.gradle.wrapper.GradleWrapperMain app:installDebug -PreactNativeDevServerPort=8081

Host: AMD Ryzen 5 7520U with Radeon Graphics         , 8 cores, 15G,  Windows 11 , 64 bit Build 26100 (10.0.26100.3775)
Time: Thu Apr 17 02:00:51 2025 India Standard Time elapsed time: 18.028777 seconds (0d 0h 0m 18s)

---------------  T H R E A D  ---------------

Current thread (0x000001e62b5dd2e0):  JavaThread "C2 CompilerThread0" daemon [_thread_in_native, id=533204, stack(0x0000002b1f200000,0x0000002b1f300000)]


Current CompileTask:
C2:  18028  534 %     4       java.lang.StringLatin1::compareToCI @ 16 (108 bytes)

Stack: [0x0000002b1f200000,0x0000002b1f300000]
Native frames: (J=compiled Java code, j=interpreted, Vv=VM code, C=native code)
V  [jvm.dll+0x67f4f9]
V  [jvm.dll+0x836eaa]
V  [jvm.dll+0x83896e]
V  [jvm.dll+0x838fd3]
V  [jvm.dll+0x247f6f]
V  [jvm.dll+0xac9d4]
V  [jvm.dll+0xad01c]
V  [jvm.dll+0x367097]
V  [jvm.dll+0x33156a]
V  [jvm.dll+0x330a0a]
V  [jvm.dll+0x21a501]
V  [jvm.dll+0x219941]
V  [jvm.dll+0x1a57bd]
V  [jvm.dll+0x22966d]
V  [jvm.dll+0x22781c]
V  [jvm.dll+0x7ebec7]
V  [jvm.dll+0x7e62ac]
V  [jvm.dll+0x67e3c7]
C  [ucrtbase.dll+0x37b0]
C  [KERNEL32.DLL+0x2e8d7]
C  [ntdll.dll+0xb14fc]


---------------  P R O C E S S  ---------------

Threads class SMR info:
_java_thread_list=0x000001e62b83fb00, length=12, elements={
0x000001e61077e740, 0x000001e62b5a2260, 0x000001e62b582bc0, 0x000001e62b722130,
0x000001e62b722af0, 0x000001e62b7234b0, 0x000001e62b5da6d0, 0x000001e62b5dd2e0,
0x000001e62b5e11e0, 0x000001e62b5e2b00, 0x000001e62b871f90, 0x000001e62b88d4e0
}

Java Threads: ( => current thread )
  0x000001e61077e740 JavaThread "main" [_thread_in_native, id=532596, stack(0x0000002b1e500000,0x0000002b1e600000)]
  0x000001e62b5a2260 JavaThread "Reference Handler" daemon [_thread_blocked, id=504456, stack(0x0000002b1ec00000,0x0000002b1ed00000)]
  0x000001e62b582bc0 JavaThread "Finalizer" daemon [_thread_blocked, id=16624, stack(0x0000002b1ed00000,0x0000002b1ee00000)]
  0x000001e62b722130 JavaThread "Signal Dispatcher" daemon [_thread_blocked, id=512912, stack(0x0000002b1ee00000,0x0000002b1ef00000)]
  0x000001e62b722af0 JavaThread "Attach Listener" daemon [_thread_blocked, id=521172, stack(0x0000002b1ef00000,0x0000002b1f000000)]
  0x000001e62b7234b0 JavaThread "Service Thread" daemon [_thread_blocked, id=533780, stack(0x0000002b1f000000,0x0000002b1f100000)]
  0x000001e62b5da6d0 JavaThread "Monitor Deflation Thread" daemon [_thread_blocked, id=535392, stack(0x0000002b1f100000,0x0000002b1f200000)]
=>0x000001e62b5dd2e0 JavaThread "C2 CompilerThread0" daemon [_thread_in_native, id=533204, stack(0x0000002b1f200000,0x0000002b1f300000)]
  0x000001e62b5e11e0 JavaThread "C1 CompilerThread0" daemon [_thread_in_native, id=532468, stack(0x0000002b1f300000,0x0000002b1f400000)]
  0x000001e62b5e2b00 JavaThread "Sweeper thread" daemon [_thread_blocked, id=116844, stack(0x0000002b1f400000,0x0000002b1f500000)]
  0x000001e62b871f90 JavaThread "Notification Thread" daemon [_thread_blocked, id=498908, stack(0x0000002b1f500000,0x0000002b1f600000)]
  0x000001e62b88d4e0 JavaThread "Common-Cleaner" daemon [_thread_blocked, id=534184, stack(0x0000002b1f700000,0x0000002b1f800000)]

Other Threads:
  0x000001e62b573220 VMThread "VM Thread" [stack: 0x0000002b1eb00000,0x0000002b1ec00000] [id=533360]
  0x000001e62b874480 WatcherThread [stack: 0x0000002b1f600000,0x0000002b1f700000] [id=526992]
  0x000001e61079ef60 GCTaskThread "GC Thread#0" [stack: 0x0000002b1e600000,0x0000002b1e700000] [id=533692]
  0x000001e6107a16c0 ConcurrentGCThread "G1 Main Marker" [stack: 0x0000002b1e700000,0x0000002b1e800000] [id=533428]
  0x000001e6107a20e0 ConcurrentGCThread "G1 Conc#0" [stack: 0x0000002b1e800000,0x0000002b1e900000] [id=534324]
  0x000001e610805740 ConcurrentGCThread "G1 Refine#0" [stack: 0x0000002b1e900000,0x0000002b1ea00000] [id=529812]
  0x000001e610807020 ConcurrentGCThread "G1 Service" [stack: 0x0000002b1ea00000,0x0000002b1eb00000] [id=532344]

Threads with active compile tasks:
C2 CompilerThread0    18075  534 %     4       java.lang.StringLatin1::compareToCI @ 16 (108 bytes)
C1 CompilerThread0    18075  565   !   3       java.net.URL::<init> (543 bytes)

VM state: not at safepoint (normal execution)

VM Mutex/Monitor currently owned by a thread: None

Heap address: 0x00000000fc000000, size: 64 MB, Compressed Oops mode: 32-bit

CDS archive(s) not mapped
Compressed class space mapped at: 0x0000000100000000-0x0000000140000000, reserved size: 1073741824
Narrow klass base: 0x0000000000000000, Narrow klass shift: 3, Narrow klass range: 0x140000000

GC Precious Log:
 CPUs: 8 total, 8 available
 Memory: 15647M
 Large Page Support: Disabled
 NUMA Support: Disabled
 Compressed Oops: Enabled (32-bit)
 Heap Region Size: 1M
 Heap Min Capacity: 64M
 Heap Initial Capacity: 64M
 Heap Max Capacity: 64M
 Pre-touch: Disabled
 Parallel Workers: 8
 Concurrent Workers: 2
 Concurrent Refinement Workers: 8
 Periodic GC: Disabled

Heap:
 garbage-first heap   total 65536K, used 17408K [0x00000000fc000000, 0x0000000100000000)
  region size 1024K, 18 young (18432K), 0 survivors (0K)
 Metaspace       used 7877K, committed 8064K, reserved 1114112K
  class space    used 674K, committed 768K, reserved 1048576K

Heap Regions: E=young(eden), S=young(survivor), O=old, HS=humongous(starts), HC=humongous(continues), CS=collection set, F=free, OA=open archive, CA=closed archive, TAMS=top-at-mark-start (previous, next)
|   0|0x00000000fc000000, 0x00000000fc000000, 0x00000000fc100000|  0%| F|  |TAMS 0x00000000fc000000, 0x00000000fc000000| Untracked 
|   1|0x00000000fc100000, 0x00000000fc100000, 0x00000000fc200000|  0%| F|  |TAMS 0x00000000fc100000, 0x00000000fc100000| Untracked 
|   2|0x00000000fc200000, 0x00000000fc200000, 0x00000000fc300000|  0%| F|  |TAMS 0x00000000fc200000, 0x00000000fc200000| Untracked 
|   3|0x00000000fc300000, 0x00000000fc300000, 0x00000000fc400000|  0%| F|  |TAMS 0x00000000fc300000, 0x00000000fc300000| Untracked 
|   4|0x00000000fc400000, 0x00000000fc400000, 0x00000000fc500000|  0%| F|  |TAMS 0x00000000fc400000, 0x00000000fc400000| Untracked 
|   5|0x00000000fc500000, 0x00000000fc500000, 0x00000000fc600000|  0%| F|  |TAMS 0x00000000fc500000, 0x00000000fc500000| Untracked 
|   6|0x00000000fc600000, 0x00000000fc600000, 0x00000000fc700000|  0%| F|  |TAMS 0x00000000fc600000, 0x00000000fc600000| Untracked 
|   7|0x00000000fc700000, 0x00000000fc700000, 0x00000000fc800000|  0%| F|  |TAMS 0x00000000fc700000, 0x00000000fc700000| Untracked 
|   8|0x00000000fc800000, 0x00000000fc800000, 0x00000000fc900000|  0%| F|  |TAMS 0x00000000fc800000, 0x00000000fc800000| Untracked 
|   9|0x00000000fc900000, 0x00000000fc900000, 0x00000000fca00000|  0%| F|  |TAMS 0x00000000fc900000, 0x00000000fc900000| Untracked 
|  10|0x00000000fca00000, 0x00000000fca00000, 0x00000000fcb00000|  0%| F|  |TAMS 0x00000000fca00000, 0x00000000fca00000| Untracked 
|  11|0x00000000fcb00000, 0x00000000fcb00000, 0x00000000fcc00000|  0%| F|  |TAMS 0x00000000fcb00000, 0x00000000fcb00000| Untracked 
|  12|0x00000000fcc00000, 0x00000000fcc00000, 0x00000000fcd00000|  0%| F|  |TAMS 0x00000000fcc00000, 0x00000000fcc00000| Untracked 
|  13|0x00000000fcd00000, 0x00000000fcd00000, 0x00000000fce00000|  0%| F|  |TAMS 0x00000000fcd00000, 0x00000000fcd00000| Untracked 
|  14|0x00000000fce00000, 0x00000000fce00000, 0x00000000fcf00000|  0%| F|  |TAMS 0x00000000fce00000, 0x00000000fce00000| Untracked 
|  15|0x00000000fcf00000, 0x00000000fcf00000, 0x00000000fd000000|  0%| F|  |TAMS 0x00000000fcf00000, 0x00000000fcf00000| Untracked 
|  16|0x00000000fd000000, 0x00000000fd000000, 0x00000000fd100000|  0%| F|  |TAMS 0x00000000fd000000, 0x00000000fd000000| Untracked 
|  17|0x00000000fd100000, 0x00000000fd100000, 0x00000000fd200000|  0%| F|  |TAMS 0x00000000fd100000, 0x00000000fd100000| Untracked 
|  18|0x00000000fd200000, 0x00000000fd200000, 0x00000000fd300000|  0%| F|  |TAMS 0x00000000fd200000, 0x00000000fd200000| Untracked 
|  19|0x00000000fd300000, 0x00000000fd300000, 0x00000000fd400000|  0%| F|  |TAMS 0x00000000fd300000, 0x00000000fd300000| Untracked 
|  20|0x00000000fd400000, 0x00000000fd400000, 0x00000000fd500000|  0%| F|  |TAMS 0x00000000fd400000, 0x00000000fd400000| Untracked 
|  21|0x00000000fd500000, 0x00000000fd500000, 0x00000000fd600000|  0%| F|  |TAMS 0x00000000fd500000, 0x00000000fd500000| Untracked 
|  22|0x00000000fd600000, 0x00000000fd600000, 0x00000000fd700000|  0%| F|  |TAMS 0x00000000fd600000, 0x00000000fd600000| Untracked 
|  23|0x00000000fd700000, 0x00000000fd700000, 0x00000000fd800000|  0%| F|  |TAMS 0x00000000fd700000, 0x00000000fd700000| Untracked 
|  24|0x00000000fd800000, 0x00000000fd800000, 0x00000000fd900000|  0%| F|  |TAMS 0x00000000fd800000, 0x00000000fd800000| Untracked 
|  25|0x00000000fd900000, 0x00000000fd900000, 0x00000000fda00000|  0%| F|  |TAMS 0x00000000fd900000, 0x00000000fd900000| Untracked 
|  26|0x00000000fda00000, 0x00000000fda00000, 0x00000000fdb00000|  0%| F|  |TAMS 0x00000000fda00000, 0x00000000fda00000| Untracked 
|  27|0x00000000fdb00000, 0x00000000fdb00000, 0x00000000fdc00000|  0%| F|  |TAMS 0x00000000fdb00000, 0x00000000fdb00000| Untracked 
|  28|0x00000000fdc00000, 0x00000000fdc00000, 0x00000000fdd00000|  0%| F|  |TAMS 0x00000000fdc00000, 0x00000000fdc00000| Untracked 
|  29|0x00000000fdd00000, 0x00000000fdd00000, 0x00000000fde00000|  0%| F|  |TAMS 0x00000000fdd00000, 0x00000000fdd00000| Untracked 
|  30|0x00000000fde00000, 0x00000000fde00000, 0x00000000fdf00000|  0%| F|  |TAMS 0x00000000fde00000, 0x00000000fde00000| Untracked 
|  31|0x00000000fdf00000, 0x00000000fdf00000, 0x00000000fe000000|  0%| F|  |TAMS 0x00000000fdf00000, 0x00000000fdf00000| Untracked 
|  32|0x00000000fe000000, 0x00000000fe000000, 0x00000000fe100000|  0%| F|  |TAMS 0x00000000fe000000, 0x00000000fe000000| Untracked 
|  33|0x00000000fe100000, 0x00000000fe100000, 0x00000000fe200000|  0%| F|  |TAMS 0x00000000fe100000, 0x00000000fe100000| Untracked 
|  34|0x00000000fe200000, 0x00000000fe200000, 0x00000000fe300000|  0%| F|  |TAMS 0x00000000fe200000, 0x00000000fe200000| Untracked 
|  35|0x00000000fe300000, 0x00000000fe300000, 0x00000000fe400000|  0%| F|  |TAMS 0x00000000fe300000, 0x00000000fe300000| Untracked 
|  36|0x00000000fe400000, 0x00000000fe400000, 0x00000000fe500000|  0%| F|  |TAMS 0x00000000fe400000, 0x00000000fe400000| Untracked 
|  37|0x00000000fe500000, 0x00000000fe500000, 0x00000000fe600000|  0%| F|  |TAMS 0x00000000fe500000, 0x00000000fe500000| Untracked 
|  38|0x00000000fe600000, 0x00000000fe600000, 0x00000000fe700000|  0%| F|  |TAMS 0x00000000fe600000, 0x00000000fe600000| Untracked 
|  39|0x00000000fe700000, 0x00000000fe700000, 0x00000000fe800000|  0%| F|  |TAMS 0x00000000fe700000, 0x00000000fe700000| Untracked 
|  40|0x00000000fe800000, 0x00000000fe800000, 0x00000000fe900000|  0%| F|  |TAMS 0x00000000fe800000, 0x00000000fe800000| Untracked 
|  41|0x00000000fe900000, 0x00000000fe900000, 0x00000000fea00000|  0%| F|  |TAMS 0x00000000fe900000, 0x00000000fe900000| Untracked 
|  42|0x00000000fea00000, 0x00000000fea00000, 0x00000000feb00000|  0%| F|  |TAMS 0x00000000fea00000, 0x00000000fea00000| Untracked 
|  43|0x00000000feb00000, 0x00000000feb00000, 0x00000000fec00000|  0%| F|  |TAMS 0x00000000feb00000, 0x00000000feb00000| Untracked 
|  44|0x00000000fec00000, 0x00000000fec00000, 0x00000000fed00000|  0%| F|  |TAMS 0x00000000fec00000, 0x00000000fec00000| Untracked 
|  45|0x00000000fed00000, 0x00000000fed00000, 0x00000000fee00000|  0%| F|  |TAMS 0x00000000fed00000, 0x00000000fed00000| Untracked 
|  46|0x00000000fee00000, 0x00000000feeec0f0, 0x00000000fef00000| 92%| E|  |TAMS 0x00000000fee00000, 0x00000000fee00000| Complete 
|  47|0x00000000fef00000, 0x00000000ff000000, 0x00000000ff000000|100%| E|CS|TAMS 0x00000000fef00000, 0x00000000fef00000| Complete 
|  48|0x00000000ff000000, 0x00000000ff100000, 0x00000000ff100000|100%| E|CS|TAMS 0x00000000ff000000, 0x00000000ff000000| Complete 
|  49|0x00000000ff100000, 0x00000000ff200000, 0x00000000ff200000|100%| E|CS|TAMS 0x00000000ff100000, 0x00000000ff100000| Complete 
|  50|0x00000000ff200000, 0x00000000ff300000, 0x00000000ff300000|100%| E|CS|TAMS 0x00000000ff200000, 0x00000000ff200000| Complete 
|  51|0x00000000ff300000, 0x00000000ff400000, 0x00000000ff400000|100%| E|CS|TAMS 0x00000000ff300000, 0x00000000ff300000| Complete 
|  52|0x00000000ff400000, 0x00000000ff500000, 0x00000000ff500000|100%| E|CS|TAMS 0x00000000ff400000, 0x00000000ff400000| Complete 
|  53|0x00000000ff500000, 0x00000000ff600000, 0x00000000ff600000|100%| E|CS|TAMS 0x00000000ff500000, 0x00000000ff500000| Complete 
|  54|0x00000000ff600000, 0x00000000ff700000, 0x00000000ff700000|100%| E|CS|TAMS 0x00000000ff600000, 0x00000000ff600000| Complete 
|  55|0x00000000ff700000, 0x00000000ff800000, 0x00000000ff800000|100%| E|CS|TAMS 0x00000000ff700000, 0x00000000ff700000| Complete 
|  56|0x00000000ff800000, 0x00000000ff900000, 0x00000000ff900000|100%| E|CS|TAMS 0x00000000ff800000, 0x00000000ff800000| Complete 
|  57|0x00000000ff900000, 0x00000000ffa00000, 0x00000000ffa00000|100%| E|CS|TAMS 0x00000000ff900000, 0x00000000ff900000| Complete 
|  58|0x00000000ffa00000, 0x00000000ffb00000, 0x00000000ffb00000|100%| E|CS|TAMS 0x00000000ffa00000, 0x00000000ffa00000| Complete 
|  59|0x00000000ffb00000, 0x00000000ffc00000, 0x00000000ffc00000|100%| E|CS|TAMS 0x00000000ffb00000, 0x00000000ffb00000| Complete 
|  60|0x00000000ffc00000, 0x00000000ffd00000, 0x00000000ffd00000|100%| E|CS|TAMS 0x00000000ffc00000, 0x00000000ffc00000| Complete 
|  61|0x00000000ffd00000, 0x00000000ffe00000, 0x00000000ffe00000|100%| E|CS|TAMS 0x00000000ffd00000, 0x00000000ffd00000| Complete 
|  62|0x00000000ffe00000, 0x00000000fff00000, 0x00000000fff00000|100%| E|CS|TAMS 0x00000000ffe00000, 0x00000000ffe00000| Complete 
|  63|0x00000000fff00000, 0x0000000100000000, 0x0000000100000000|100%| E|CS|TAMS 0x00000000fff00000, 0x00000000fff00000| Complete 

Card table byte_map: [0x000001e60e740000,0x000001e60e760000] _byte_map_base: 0x000001e60df60000

Marking Bits (Prev, Next): (CMBitMap*) 0x000001e61079f580, (CMBitMap*) 0x000001e61079f5c0
 Prev Bits: [0x000001e628960000, 0x000001e628a60000)
 Next Bits: [0x000001e628a60000, 0x000001e628b60000)

Polling page: 0x000001e60e6e0000

Metaspace:

Usage:
  Non-class:      7.04 MB used.
      Class:    674.24 KB used.
       Both:      7.69 MB used.

Virtual space:
  Non-class space:       64.00 MB reserved,       7.12 MB ( 11%) committed,  1 nodes.
      Class space:        1.00 GB reserved,     768.00 KB ( <1%) committed,  1 nodes.
             Both:        1.06 GB reserved,       7.88 MB ( <1%) committed. 

Chunk freelists:
   Non-Class:  8.80 MB
       Class:  15.20 MB
        Both:  24.00 MB

MaxMetaspaceSize: unlimited
CompressedClassSpaceSize: 1.00 GB
Initial GC threshold: 21.00 MB
Current GC threshold: 21.00 MB
CDS: off
MetaspaceReclaimPolicy: balanced
 - commit_granule_bytes: 65536.
 - commit_granule_words: 8192.
 - virtual_space_node_default_size: 8388608.
 - enlarge_chunks_in_place: 1.
 - new_chunks_are_fully_committed: 0.
 - uncommit_free_chunks: 1.
 - use_allocation_guard: 0.
 - handle_deallocations: 1.


Internal statistics:

num_allocs_failed_limit: 0.
num_arena_births: 12.
num_arena_deaths: 0.
num_vsnodes_births: 2.
num_vsnodes_deaths: 0.
num_space_committed: 126.
num_space_uncommitted: 0.
num_chunks_returned_to_freelist: 0.
num_chunks_taken_from_freelist: 58.
num_chunk_merges: 0.
num_chunk_splits: 30.
num_chunks_enlarged: 14.
num_inconsistent_stats: 0.

CodeHeap 'non-profiled nmethods': size=120000Kb used=201Kb max_used=201Kb free=119798Kb
 bounds [0x000001e621100000, 0x000001e621370000, 0x000001e628630000]
CodeHeap 'profiled nmethods': size=120000Kb used=885Kb max_used=885Kb free=119114Kb
 bounds [0x000001e619630000, 0x000001e6198a0000, 0x000001e620b60000]
CodeHeap 'non-nmethods': size=5760Kb used=1120Kb max_used=1136Kb free=4639Kb
 bounds [0x000001e620b60000, 0x000001e620dd0000, 0x000001e621100000]
 total_blobs=961 nmethods=559 adapters=315
 compilation: enabled
              stopped_count=0, restarted_count=0
 full_count=0

Compilation events (20 events):
Event: 15.994 Thread 0x000001e62b5e11e0 nmethod 522 0x000001e6196f7c90 code [0x000001e6196f7e20, 0x000001e6196f7f18]
Event: 15.996 Thread 0x000001e62b5e11e0  524       3       java.lang.StringLatin1::compareToCI (108 bytes)
Event: 15.997 Thread 0x000001e62b5e11e0 nmethod 524 0x000001e6196f7f90 code [0x000001e6196f81e0, 0x000001e6196f8ab8]
Event: 15.997 Thread 0x000001e62b5e11e0  525       3       java.util.AbstractCollection::addAll (42 bytes)
Event: 15.997 Thread 0x000001e62b5e11e0 nmethod 525 0x000001e6196f8f10 code [0x000001e6196f9100, 0x000001e6196f9618]
Event: 15.998 Thread 0x000001e62b5e11e0  527       3       java.io.File::equals (28 bytes)
Event: 15.999 Thread 0x000001e62b5e11e0 nmethod 527 0x000001e6196f9790 code [0x000001e6196f9980, 0x000001e6196f9fa8]
Event: 15.999 Thread 0x000001e62b5e11e0  528       3       java.io.File::compareTo (9 bytes)
Event: 15.999 Thread 0x000001e62b5e11e0 nmethod 528 0x000001e6196fa190 code [0x000001e6196fa360, 0x000001e6196fa628]
Event: 16.000 Thread 0x000001e62b5e11e0  529       3       java.lang.String$CaseInsensitiveComparator::compare (68 bytes)
Event: 16.001 Thread 0x000001e62b5e11e0 nmethod 529 0x000001e6196fa790 code [0x000001e6196fa9a0, 0x000001e6196fae38]
Event: 16.003 Thread 0x000001e62b5e11e0  531       3       org.gradle.internal.classpath.DefaultClassPath$ImmutableUniqueList::<init> (21 bytes)
Event: 16.003 Thread 0x000001e62b5e11e0 nmethod 531 0x000001e6196fb010 code [0x000001e6196fb1c0, 0x000001e6196fb4b8]
Event: 16.003 Thread 0x000001e62b5e11e0  532       3       org.gradle.internal.classpath.DefaultClassPath::<init> (10 bytes)
Event: 16.004 Thread 0x000001e62b5e11e0 nmethod 532 0x000001e6196fb610 code [0x000001e6196fb7a0, 0x000001e6196fb958]
Event: 16.009 Thread 0x000001e62b5dd2e0 nmethod 507 0x000001e62112ed10 code [0x000001e62112eee0, 0x000001e62112fcd8]
Event: 16.010 Thread 0x000001e62b5dd2e0  534 %     4       java.lang.StringLatin1::compareToCI @ 16 (108 bytes)
Event: 16.021 Thread 0x000001e62b5e11e0  536       1       java.nio.Buffer::limit (5 bytes)
Event: 16.021 Thread 0x000001e62b5e11e0 nmethod 536 0x000001e621130190 code [0x000001e621130320, 0x000001e6211303f8]
Event: 18.022 Thread 0x000001e62b5e11e0  537   !   3       java.nio.DirectByteBuffer::get (34 bytes)

GC Heap History (0 events):
No events

Dll operation events (7 events):
Event: 0.039 Loaded shared library C:\Program Files\OpenLogic\jdk-17.0.12.7-hotspot\bin\java.dll
Event: 3.383 Loaded shared library C:\Program Files\OpenLogic\jdk-17.0.12.7-hotspot\bin\jsvml.dll
Event: 7.921 Loaded shared library C:\Program Files\OpenLogic\jdk-17.0.12.7-hotspot\bin\net.dll
Event: 7.929 Loaded shared library C:\Program Files\OpenLogic\jdk-17.0.12.7-hotspot\bin\nio.dll
Event: 7.962 Loaded shared library C:\Program Files\OpenLogic\jdk-17.0.12.7-hotspot\bin\zip.dll
Event: 7.990 Loaded shared library C:\Program Files\OpenLogic\jdk-17.0.12.7-hotspot\bin\verify.dll
Event: 16.014 Loaded shared library C:\Program Files\OpenLogic\jdk-17.0.12.7-hotspot\bin\jimage.dll

Deoptimization events (20 events):
Event: 15.968 Thread 0x000001e61077e740 Uncommon trap: trap_request=0xffffffde fr.pc=0x000001e62112d65c relative=0x000000000000067c
Event: 15.968 Thread 0x000001e61077e740 Uncommon trap: reason=class_check action=maybe_recompile pc=0x000001e62112d65c method=java.util.HashMap.putVal(ILjava/lang/Object;Ljava/lang/Object;ZZ)Ljava/lang/Object; @ 253 c2
Event: 15.968 Thread 0x000001e61077e740 DEOPT PACKING pc=0x000001e62112d65c sp=0x0000002b1e5fdea0
Event: 15.968 Thread 0x000001e61077e740 DEOPT UNPACKING pc=0x000001e620bb69a3 sp=0x0000002b1e5fde30 mode 2
Event: 15.968 Thread 0x000001e61077e740 Uncommon trap: trap_request=0xffffffde fr.pc=0x000001e62112d65c relative=0x000000000000067c
Event: 15.968 Thread 0x000001e61077e740 Uncommon trap: reason=class_check action=maybe_recompile pc=0x000001e62112d65c method=java.util.HashMap.putVal(ILjava/lang/Object;Ljava/lang/Object;ZZ)Ljava/lang/Object; @ 253 c2
Event: 15.968 Thread 0x000001e61077e740 DEOPT PACKING pc=0x000001e62112d65c sp=0x0000002b1e5fdea0
Event: 15.968 Thread 0x000001e61077e740 DEOPT UNPACKING pc=0x000001e620bb69a3 sp=0x0000002b1e5fde30 mode 2
Event: 15.968 Thread 0x000001e61077e740 Uncommon trap: trap_request=0xffffffde fr.pc=0x000001e62112d65c relative=0x000000000000067c
Event: 15.968 Thread 0x000001e61077e740 Uncommon trap: reason=class_check action=maybe_recompile pc=0x000001e62112d65c method=java.util.HashMap.putVal(ILjava/lang/Object;Ljava/lang/Object;ZZ)Ljava/lang/Object; @ 253 c2
Event: 15.968 Thread 0x000001e61077e740 DEOPT PACKING pc=0x000001e62112d65c sp=0x0000002b1e5fdea0
Event: 15.968 Thread 0x000001e61077e740 DEOPT UNPACKING pc=0x000001e620bb69a3 sp=0x0000002b1e5fde30 mode 2
Event: 15.968 Thread 0x000001e61077e740 Uncommon trap: trap_request=0xffffffde fr.pc=0x000001e62112d65c relative=0x000000000000067c
Event: 15.968 Thread 0x000001e61077e740 Uncommon trap: reason=class_check action=maybe_recompile pc=0x000001e62112d65c method=java.util.HashMap.putVal(ILjava/lang/Object;Ljava/lang/Object;ZZ)Ljava/lang/Object; @ 253 c2
Event: 15.968 Thread 0x000001e61077e740 DEOPT PACKING pc=0x000001e62112d65c sp=0x0000002b1e5fdea0
Event: 15.968 Thread 0x000001e61077e740 DEOPT UNPACKING pc=0x000001e620bb69a3 sp=0x0000002b1e5fde30 mode 2
Event: 15.987 Thread 0x000001e61077e740 Uncommon trap: trap_request=0xffffffde fr.pc=0x000001e62112e470 relative=0x0000000000000710
Event: 15.987 Thread 0x000001e61077e740 Uncommon trap: reason=class_check action=maybe_recompile pc=0x000001e62112e470 method=java.util.HashMap.putVal(ILjava/lang/Object;Ljava/lang/Object;ZZ)Ljava/lang/Object; @ 253 c2
Event: 15.987 Thread 0x000001e61077e740 DEOPT PACKING pc=0x000001e62112e470 sp=0x0000002b1e5fdfd0
Event: 15.987 Thread 0x000001e61077e740 DEOPT UNPACKING pc=0x000001e620bb69a3 sp=0x0000002b1e5fdee0 mode 2

Classes loaded (20 events):
Event: 16.013 Loading class jdk/internal/jimage/NativeImageBuffer$1
Event: 16.013 Loading class jdk/internal/jimage/NativeImageBuffer$1 done
Event: 16.015 Loading class jdk/internal/jimage/ImageHeader
Event: 16.015 Loading class jdk/internal/jimage/ImageHeader done
Event: 16.015 Loading class java/nio/DirectIntBufferU
Event: 16.016 Loading class java/nio/IntBuffer
Event: 16.017 Loading class java/nio/IntBuffer done
Event: 16.017 Loading class java/nio/DirectIntBufferU done
Event: 16.017 Loading class java/nio/DirectByteBufferR
Event: 16.018 Loading class java/nio/DirectByteBufferR done
Event: 16.018 Loading class java/nio/DirectIntBufferRU
Event: 16.019 Loading class java/nio/DirectIntBufferRU done
Event: 16.019 Loading class jdk/internal/jimage/ImageStringsReader
Event: 16.019 Loading class jdk/internal/jimage/ImageStrings
Event: 16.019 Loading class jdk/internal/jimage/ImageStrings done
Event: 16.019 Loading class jdk/internal/jimage/ImageStringsReader done
Event: 16.019 Loading class jdk/internal/jimage/decompressor/Decompressor
Event: 16.019 Loading class jdk/internal/jimage/decompressor/Decompressor done
Event: 16.019 Loading class jdk/internal/jimage/ImageLocation
Event: 16.020 Loading class jdk/internal/jimage/ImageLocation done

Classes unloaded (0 events):
No events

Classes redefined (0 events):
No events

Internal exceptions (1 events):
Event: 14.406 Thread 0x000001e61077e740 Exception <a 'java/lang/NoSuchMethodError'{0x00000000ffdec5f8}: 'int java.lang.invoke.DirectMethodHandle$Holder.invokeStaticInit(java.lang.Object, java.lang.Object)'> (0x00000000ffdec5f8) 
thrown [s\src\hotspot\share\interpreter\linkResolver.cpp, line 759]

VM Operations (13 events):
Event: 5.390 Executing VM operation: Cleanup
Event: 6.557 Executing VM operation: Cleanup done
Event: 7.568 Executing VM operation: Cleanup
Event: 7.817 Executing VM operation: Cleanup done
Event: 7.969 Executing VM operation: HandshakeAllThreads
Event: 7.969 Executing VM operation: HandshakeAllThreads done
Event: 8.979 Executing VM operation: Cleanup
Event: 9.198 Executing VM operation: Cleanup done
Event: 10.205 Executing VM operation: Cleanup
Event: 10.205 Executing VM operation: Cleanup done
Event: 15.252 Executing VM operation: Cleanup
Event: 15.545 Executing VM operation: Cleanup done
Event: 16.560 Executing VM operation: Cleanup

Events (12 events):
Event: 3.383 Thread 0x000001e61077e740 Thread added: 0x000001e61077e740
Event: 3.419 Thread 0x000001e62b5a2260 Thread added: 0x000001e62b5a2260
Event: 3.420 Thread 0x000001e62b582bc0 Thread added: 0x000001e62b582bc0
Event: 3.482 Thread 0x000001e62b722130 Thread added: 0x000001e62b722130
Event: 3.482 Thread 0x000001e62b722af0 Thread added: 0x000001e62b722af0
Event: 3.482 Thread 0x000001e62b7234b0 Thread added: 0x000001e62b7234b0
Event: 3.483 Thread 0x000001e62b5da6d0 Thread added: 0x000001e62b5da6d0
Event: 3.483 Thread 0x000001e62b5dd2e0 Thread added: 0x000001e62b5dd2e0
Event: 3.483 Thread 0x000001e62b5e11e0 Thread added: 0x000001e62b5e11e0
Event: 3.483 Thread 0x000001e62b5e2b00 Thread added: 0x000001e62b5e2b00
Event: 7.865 Thread 0x000001e62b871f90 Thread added: 0x000001e62b871f90
Event: 7.890 Thread 0x000001e62b88d4e0 Thread added: 0x000001e62b88d4e0


Dynamic libraries:
0x00007ff638810000 - 0x00007ff63881e000 	C:\Program Files\OpenLogic\jdk-17.0.12.7-hotspot\bin\java.exe
0x00007ffaeb780000 - 0x00007ffaeb9e0000 	C:\WINDOWS\SYSTEM32\ntdll.dll
0x00007ffaea3d0000 - 0x00007ffaea497000 	C:\WINDOWS\System32\KERNEL32.DLL
0x00007ffae8da0000 - 0x00007ffae916a000 	C:\WINDOWS\System32\KERNELBASE.dll
0x00007ffae9370000 - 0x00007ffae94bb000 	C:\WINDOWS\System32\ucrtbase.dll
0x00007ffab25f0000 - 0x00007ffab260b000 	C:\Program Files\OpenLogic\jdk-17.0.12.7-hotspot\bin\VCRUNTIME140.dll
0x00007ffab5230000 - 0x00007ffab5247000 	C:\Program Files\OpenLogic\jdk-17.0.12.7-hotspot\bin\jli.dll
0x00007ffae9f20000 - 0x00007ffaea0ec000 	C:\WINDOWS\System32\USER32.dll
0x00007ffad4280000 - 0x00007ffad4517000 	C:\WINDOWS\WinSxS\amd64_microsoft.windows.common-controls_6595b64144ccf1df_6.0.26100.3624_none_3e086962e3345f24\COMCTL32.dll
0x00007ffae9550000 - 0x00007ffae9577000 	C:\WINDOWS\System32\win32u.dll
0x00007ffae9a60000 - 0x00007ffae9b09000 	C:\WINDOWS\System32\msvcrt.dll
0x00007ffaea870000 - 0x00007ffaea89a000 	C:\WINDOWS\System32\GDI32.dll
0x00007ffae9170000 - 0x00007ffae92a1000 	C:\WINDOWS\System32\gdi32full.dll
0x00007ffae8960000 - 0x00007ffae8a03000 	C:\WINDOWS\System32\msvcp_win.dll
0x00007ffae9590000 - 0x00007ffae95bf000 	C:\WINDOWS\System32\IMM32.DLL
0x00007ffad86b0000 - 0x00007ffad86bc000 	C:\Program Files\OpenLogic\jdk-17.0.12.7-hotspot\bin\vcruntime140_1.dll
0x00007ffa5cfd0000 - 0x00007ffa5d05d000 	C:\Program Files\OpenLogic\jdk-17.0.12.7-hotspot\bin\msvcp140.dll
0x00007ffa4a600000 - 0x00007ffa4b26a000 	C:\Program Files\OpenLogic\jdk-17.0.12.7-hotspot\bin\server\jvm.dll
0x00007ffae9e60000 - 0x00007ffae9f12000 	C:\WINDOWS\System32\ADVAPI32.dll
0x00007ffaeb470000 - 0x00007ffaeb516000 	C:\WINDOWS\System32\sechost.dll
0x00007ffaeb620000 - 0x00007ffaeb736000 	C:\WINDOWS\System32\RPCRT4.dll
0x00007ffaea0f0000 - 0x00007ffaea164000 	C:\WINDOWS\System32\WS2_32.dll
0x00007ffae8320000 - 0x00007ffae837e000 	C:\WINDOWS\SYSTEM32\POWRPROF.dll
0x00007ffade710000 - 0x00007ffade746000 	C:\WINDOWS\SYSTEM32\WINMM.dll
0x00007ffadd840000 - 0x00007ffadd84b000 	C:\WINDOWS\SYSTEM32\VERSION.dll
0x00007ffae8200000 - 0x00007ffae8214000 	C:\WINDOWS\SYSTEM32\UMPDC.dll
0x00007ffae7730000 - 0x00007ffae774a000 	C:\WINDOWS\SYSTEM32\kernel.appcore.dll
0x00007ffac3b90000 - 0x00007ffac3b9a000 	C:\Program Files\OpenLogic\jdk-17.0.12.7-hotspot\bin\jimage.dll
0x00007ffadbaf0000 - 0x00007ffadbd31000 	C:\WINDOWS\SYSTEM32\DBGHELP.DLL
0x00007ffaeb0e0000 - 0x00007ffaeb462000 	C:\WINDOWS\System32\combase.dll
0x00007ffaea5a0000 - 0x00007ffaea676000 	C:\WINDOWS\System32\OLEAUT32.dll
0x00007ffacf9e0000 - 0x00007ffacfa19000 	C:\WINDOWS\SYSTEM32\dbgcore.DLL
0x00007ffae8b80000 - 0x00007ffae8c19000 	C:\WINDOWS\System32\bcryptPrimitives.dll
0x00007ffa69e90000 - 0x00007ffa69eb5000 	C:\Program Files\OpenLogic\jdk-17.0.12.7-hotspot\bin\java.dll
0x00007ffa5d770000 - 0x00007ffa5d846000 	C:\Program Files\OpenLogic\jdk-17.0.12.7-hotspot\bin\jsvml.dll
0x00007ffaea9b0000 - 0x00007ffaeb0d9000 	C:\WINDOWS\System32\SHELL32.dll
0x00007ffae8a10000 - 0x00007ffae8b78000 	C:\WINDOWS\System32\wintypes.dll
0x00007ffae65c0000 - 0x00007ffae6e12000 	C:\WINDOWS\SYSTEM32\windows.storage.dll
0x00007ffaea4a0000 - 0x00007ffaea58d000 	C:\WINDOWS\System32\SHCORE.dll
0x00007ffae9cb0000 - 0x00007ffae9d14000 	C:\WINDOWS\System32\shlwapi.dll
0x00007ffae8870000 - 0x00007ffae889f000 	C:\WINDOWS\SYSTEM32\profapi.dll
0x00007ffab3bd0000 - 0x00007ffab3be9000 	C:\Program Files\OpenLogic\jdk-17.0.12.7-hotspot\bin\net.dll
0x00007ffadd990000 - 0x00007ffaddaad000 	C:\WINDOWS\SYSTEM32\WINHTTP.dll
0x00007ffae7c40000 - 0x00007ffae7caa000 	C:\WINDOWS\system32\mswsock.dll
0x00007ffa9cac0000 - 0x00007ffa9cad6000 	C:\Program Files\OpenLogic\jdk-17.0.12.7-hotspot\bin\nio.dll
0x00007ffa9c4b0000 - 0x00007ffa9c4c8000 	C:\Program Files\OpenLogic\jdk-17.0.12.7-hotspot\bin\zip.dll
0x00007ffae38a0000 - 0x00007ffae38b0000 	C:\Program Files\OpenLogic\jdk-17.0.12.7-hotspot\bin\verify.dll

dbghelp: loaded successfully - version: 4.0.5 - missing functions: none
symbol engine: initialized successfully - sym options: 0x614 - pdb path: .;C:\Program Files\OpenLogic\jdk-17.0.12.7-hotspot\bin;C:\WINDOWS\SYSTEM32;C:\WINDOWS\WinSxS\amd64_microsoft.windows.common-controls_6595b64144ccf1df_6.0.26100.3624_none_3e086962e3345f24;C:\Program Files\OpenLogic\jdk-17.0.12.7-hotspot\bin\server

VM Arguments:
jvm_args: -Xmx64m -Xms64m -Dorg.gradle.appname=gradlew 
java_command: org.gradle.wrapper.GradleWrapperMain app:installDebug -PreactNativeDevServerPort=8081
java_class_path (initial): D:\app4\AwesomeProject\android\\gradle\wrapper\gradle-wrapper.jar
Launcher Type: SUN_STANDARD

[Global flags]
     intx CICompilerCount                          = 4                                         {product} {ergonomic}
     uint ConcGCThreads                            = 2                                         {product} {ergonomic}
     uint G1ConcRefinementThreads                  = 8                                         {product} {ergonomic}
   size_t G1HeapRegionSize                         = 1048576                                   {product} {ergonomic}
    uintx GCDrainStackTargetSize                   = 64                                        {product} {ergonomic}
   size_t InitialHeapSize                          = 67108864                                  {product} {command line}
   size_t MarkStackSize                            = 4194304                                   {product} {ergonomic}
   size_t MaxHeapSize                              = 67108864                                  {product} {command line}
   size_t MaxNewSize                               = 39845888                                  {product} {ergonomic}
   size_t MinHeapDeltaBytes                        = 1048576                                   {product} {ergonomic}
   size_t MinHeapSize                              = 67108864                                  {product} {command line}
    uintx NonNMethodCodeHeapSize                   = 5839372                                {pd product} {ergonomic}
    uintx NonProfiledCodeHeapSize                  = 122909434                              {pd product} {ergonomic}
    uintx ProfiledCodeHeapSize                     = 122909434                              {pd product} {ergonomic}
    uintx ReservedCodeCacheSize                    = 251658240                              {pd product} {ergonomic}
     bool SegmentedCodeCache                       = true                                      {product} {ergonomic}
   size_t SoftMaxHeapSize                          = 67108864                               {manageable} {ergonomic}
     bool UseCompressedClassPointers               = true                           {product lp64_product} {ergonomic}
     bool UseCompressedOops                        = true                           {product lp64_product} {ergonomic}
     bool UseG1GC                                  = true                                      {product} {ergonomic}
     bool UseLargePagesIndividualAllocation        = false                                  {pd product} {ergonomic}

Logging:
Log output configuration:
 #0: stdout all=warning uptime,level,tags
 #1: stderr all=off uptime,level,tags

Environment Variables:
JAVA_HOME=C:\Program Files\OpenLogic\jdk-17.0.12.7-hotspot
CLASSPATH=D:\app4\AwesomeProject\android\\gradle\wrapper\gradle-wrapper.jar
PATH=D:\app4\AwesomeProject\node_modules\.bin;D:\app4\AwesomeProject\node_modules\.bin;D:\app4\node_modules\.bin;D:\node_modules\.bin;C:\Program Files\nodejs\node_modules\npm\node_modules\@npmcli\run-script\lib\node-gyp-bin;D:\app4\AwesomeProject\node_modules\.bin;D:\app4\node_modules\.bin;D:\node_modules\.bin;C:\Program Files\nodejs\node_modules\npm\node_modules\@npmcli\run-script\lib\node-gyp-bin;C:\Users\Asus\bin;C:\Program Files\Git\mingw64\bin;C:\Program Files\Git\usr\local\bin;C:\Program Files\Git\usr\bin;C:\Program Files\Git\usr\bin;C:\Program Files\Git\mingw64\bin;C:\Program Files\Git\usr\bin;C:\Users\Asus\bin;C:\Program Files\OpenLogic\jdk-17.0.12.7-hotspot\bin;C:\Program Files\Semeru\jdk-21.0.3.9-openj9\bin;C:\WINDOWS\system32;C:\WINDOWS;C:\WINDOWS\System32\Wbem;C:\WINDOWS\System32\WindowsPowerShell\v1.0;C:\WINDOWS\System32\OpenSSH;C:\Program Files\Git\cmd;C:\Program Files\nodejs;C:\Users\Asus\AppData\Local\Android\Sdk;C:\Users\Asus\AppData\Local\Android\Sdk\emulator;C:\Users\Asus\AppData\Local\Android\Sdk\platform-tools;C:\Users\Asus\AppData\Local\Programs\Python\Launcher;C:\Program Files\MySQL\MySQL Shell 8.0\bin;C:\Users\Asus\AppData\Local\Microsoft\WindowsApps;C:\Program Files\JetBrains\IntelliJ IDEA Community Edition 2023.2\bin;C:\Users\Asus\AppData\Local\Programs\Microsoft VS Code\bin;C:\Program Files\MongoDB\mongosh-2.2.5-win32-x64\bin;C:\Users\Asus\AppData\Roaming\npm;C:\Users\Asus\AppData\Local\GitHubDesktop\bin;C:\Users\Asus\AppData\Local\Android\Sdk;C:\Users\Asus\AppData\Local\Android\Sdk\emulator;C:\Users\Asus\AppData\Local\Android\Sdk\platform-tools;C:\Users\Asus\AppData\Local\Android\Sdk\build-tools;C:\Users\Asus\AppData\Local\Android\Sdk\build-tools\35.0.0\lld-bin;C:\Program Files\OpenLogic\jdk-17.0.12.7-hotspot;C:\Users\Asus\AppData\Local\Android\Sdk\platform-tools;C:\Users\Asus\AppData\Local\Android\Sdk;C:\Program Files\Git\usr\bin\vendor_perl;C:\Program Files\Git\usr\bin\core_perl
USERNAME=Asus
SHELL=C:\Program Files\Git\usr\bin\bash.exe
DISPLAY=needs-to-be-defined
LANG=en_US.UTF-8
TERM=xterm-256color
TMPDIR=C:\Users\Asus\AppData\Local\Temp
OS=Windows_NT
PROCESSOR_IDENTIFIER=AMD64 Family 23 Model 160 Stepping 0, AuthenticAMD
TMP=C:\Users\Asus\AppData\Local\Temp
TEMP=C:\Users\Asus\AppData\Local\Temp



Periodic native trim disabled


---------------  S Y S T E M  ---------------

OS:
 Windows 11 , 64 bit Build 26100 (10.0.26100.3775)
OS uptime: 4 days 2:31 hours
Hyper-V role detected

CPU: total 8 (initial active 8) (8 cores per cpu, 2 threads per core) family 23 model 160 stepping 0 microcode 0x8a00006, cx8, cmov, fxsr, ht, mmx, 3dnowpref, sse, sse2, sse3, ssse3, sse4a, sse4.1, sse4.2, popcnt, lzcnt, tsc, tscinvbit, avx, avx2, aes, clmul, bmi1, bmi2, adx, sha, fma, vzeroupper, clflush, clflushopt, hv
Processor Information for all 8 processors :
  Max Mhz: 2801, Current Mhz: 2483, Mhz Limit: 2801

Memory: 4k page, system-wide physical 15647M (226M free)
TotalPageFile size 47508M (AvailPageFile size 0M)
current process WorkingSet (physical memory assigned to process): 53M, peak: 53M
current process commit charge ("private bytes"): 142M, peak: 143M

vm_info: OpenJDK 64-Bit Server VM (17.0.12+7-adhoc..jdk17u) for windows-amd64 JRE (17.0.12+7-adhoc..jdk17u), built on Jul 19 2024 06:16:42 by "" with MS VC++ 16.10 / 16.11 (VS2019)

END.
